#-----------------------------------------------------------
# Vivado v2018.3 (64-bit)
# SW Build 2405991 on Thu Dec  6 23:38:27 MST 2018
# IP Build 2404404 on Fri Dec  7 01:43:56 MST 2018
# Start of session at: Mon Nov 22 13:13:25 2021
# Process ID: 24416
# Current directory: D:/VivadoProject/memory_w_r
# Command line: vivado.exe -gui_launcher_event rodinguilauncherevent21364 D:\VivadoProject\memory_w_r\memory_w_r.xpr
# Log file: D:/VivadoProject/memory_w_r/vivado.log
# Journal file: D:/VivadoProject/memory_w_r\vivado.jou
#-----------------------------------------------------------
start_gui
open_project D:/VivadoProject/memory_w_r/memory_w_r.xpr
Scanning sources...
Finished scanning sources
INFO: [IP_Flow 19-234] Refreshing IP repositories
INFO: [IP_Flow 19-1704] No user IP repositories specified
INFO: [IP_Flow 19-2313] Loaded Vivado IP repository 'D:/Vivado/2018.3/data/ip'.
open_project: Time (s): cpu = 00:00:21 ; elapsed = 00:00:08 . Memory (MB): peak = 683.566 ; gain = 94.551
update_compile_order -fileset sources_1
exit
INFO: [Common 17-206] Exiting Vivado at Mon Nov 22 13:14:05 2021...
