#-----------------------------------------------------------
# Vivado v2018.3 (64-bit)
# SW Build 2405991 on Thu Dec  6 23:38:27 MST 2018
# IP Build 2404404 on Fri Dec  7 01:43:56 MST 2018
# Start of session at: Fri Nov 26 09:32:26 2021
# Process ID: 18644
# Current directory: D:/VivadoProject/memory_w_r
# Command line: vivado.exe -gui_launcher_event rodinguilauncherevent20880 D:\VivadoProject\memory_w_r\memory_w_r.xpr
# Log file: D:/VivadoProject/memory_w_r/vivado.log
# Journal file: D:/VivadoProject/memory_w_r\vivado.jou
#-----------------------------------------------------------
start_gui
open_project D:/VivadoProject/memory_w_r/memory_w_r.xpr
Scanning sources...
Finished scanning sources
INFO: [IP_Flow 19-234] Refreshing IP repositories
INFO: [IP_Flow 19-1704] No user IP repositories specified
INFO: [IP_Flow 19-2313] Loaded Vivado IP repository 'D:/Vivado/2018.3/data/ip'.
open_project: Time (s): cpu = 00:00:19 ; elapsed = 00:00:07 . Memory (MB): peak = 753.434 ; gain = 169.785
update_compile_order -fileset sources_1
exit
INFO: [Common 17-206] Exiting Vivado at Fri Nov 26 09:32:52 2021...
