#-----------------------------------------------------------
# Vivado v2018.3 (64-bit)
# SW Build 2405991 on Thu Dec  6 23:38:27 MST 2018
# IP Build 2404404 on Fri Dec  7 01:43:56 MST 2018
# Start of session at: Mon Nov 22 11:55:20 2021
# Process ID: 5420
# Current directory: D:/VivadoProject/memory_w_r
# Command line: vivado.exe -gui_launcher_event rodinguilauncherevent22312 D:\VivadoProject\memory_w_r\memory_w_r.xpr
# Log file: D:/VivadoProject/memory_w_r/vivado.log
# Journal file: D:/VivadoProject/memory_w_r\vivado.jou
#-----------------------------------------------------------
start_gui
open_project D:/VivadoProject/memory_w_r/memory_w_r.xpr
Scanning sources...
Finished scanning sources
INFO: [IP_Flow 19-234] Refreshing IP repositories
INFO: [IP_Flow 19-1704] No user IP repositories specified
INFO: [IP_Flow 19-2313] Loaded Vivado IP repository 'D:/Vivado/2018.3/data/ip'.
open_project: Time (s): cpu = 00:00:20 ; elapsed = 00:00:08 . Memory (MB): peak = 678.195 ; gain = 79.289
update_compile_order -fileset sources_1
reset_run synth_1
launch_runs synth_1 -jobs 8
[Mon Nov 22 11:57:45 2021] Launched synth_1...
Run output will be captured here: D:/VivadoProject/memory_w_r/memory_w_r.runs/synth_1/runme.log
launch_runs impl_1 -jobs 8
[Mon Nov 22 12:07:07 2021] Launched impl_1...
Run output will be captured here: D:/VivadoProject/memory_w_r/memory_w_r.runs/impl_1/runme.log
launch_runs impl_1 -to_step write_bitstream -jobs 8
[Mon Nov 22 12:13:57 2021] Launched impl_1...
Run output will be captured here: D:/VivadoProject/memory_w_r/memory_w_r.runs/impl_1/runme.log
open_run impl_1
INFO: [Netlist 29-17] Analyzing 10 Unisim elements for replacement
INFO: [Netlist 29-28] Unisim Transformation completed in 0 CPU seconds
INFO: [Project 1-479] Netlist was created with Vivado 2018.3
INFO: [Device 21-403] Loading part xc7a100tfgg484-1
INFO: [Project 1-570] Preparing netlist for logic optimization
INFO: [Timing 38-478] Restoring timing data from binary archive.
INFO: [Common 17-41] Interrupt caught. Command should exit soon.
INFO: [Timing 38-479] Binary timing data restore complete.
INFO: [Project 1-856] Restoring constraints from binary archive.
INFO: [Project 1-853] Binary constraint restore complete.
Reading XDEF placement.
Reading placer database...
Reading XDEF routing.
Restored from archive | CPU: 0.000000 secs | Memory: 0.000000 MB |
Finished XDEF File Restore: Time (s): cpu = 00:00:00 ; elapsed = 00:00:00.017 . Memory (MB): peak = 1624.902 ; gain = 0.000
open_run: Time (s): cpu = 00:00:21 ; elapsed = 00:00:21 . Memory (MB): peak = 1624.902 ; gain = 742.812
INFO: [Common 17-344] 'open_run' was cancelled
exit
INFO: [Common 17-206] Exiting Vivado at Mon Nov 22 13:12:29 2021...
