#-----------------------------------------------------------
# Vivado v2018.3 (64-bit)
# SW Build 2405991 on Thu Dec  6 23:38:27 MST 2018
# IP Build 2404404 on Fri Dec  7 01:43:56 MST 2018
# Start of session at: Mon Feb  7 13:08:12 2022
# Process ID: 8900
# Current directory: D:/VivadoProject/flowing_water_lights
# Command line: vivado.exe -gui_launcher_event rodinguilauncherevent15136 D:\VivadoProject\flowing_water_lights\flowing_water_lights.xpr
# Log file: D:/VivadoProject/flowing_water_lights/vivado.log
# Journal file: D:/VivadoProject/flowing_water_lights\vivado.jou
#-----------------------------------------------------------
start_gui
open_project D:/VivadoProject/flowing_water_lights/flowing_water_lights.xpr
CRITICAL WARNING: [Project 1-19] Could not find the file 'C:/Users/»ÆÖ¸±ó/Desktop/flowing_water_lights.v'.
CRITICAL WARNING: [Project 1-19] Could not find the file 'C:/Users/»ÆÖ¸±ó/Desktop/flowing_water_lights/flowing_water_lights.v'.
CRITICAL WARNING: [Project 1-19] Could not find the file 'C:/Users/»ÆÖ¸±ó/Desktop/clock.xdc'.
CRITICAL WARNING: [Project 1-19] Could not find the file 'C:/Users/»ÆÖ¸±ó/Desktop/pin.xdc'.
CRITICAL WARNING: [Project 1-19] Could not find the file 'C:/Users/»ÆÖ¸±ó/Desktop/testbench.v'.
CRITICAL WARNING: [Project 1-19] Could not find the file 'C:/Users/»ÆÖ¸±ó/Desktop/flowing_water_lights/testbench.v'.
Scanning sources...
Finished scanning sources
INFO: [IP_Flow 19-234] Refreshing IP repositories
INFO: [IP_Flow 19-1704] No user IP repositories specified
INFO: [IP_Flow 19-2313] Loaded Vivado IP repository 'D:/Vivado/2018.3/data/ip'.
open_project: Time (s): cpu = 00:00:24 ; elapsed = 00:00:10 . Memory (MB): peak = 672.293 ; gain = 85.301
update_compile_order -fileset sources_1
update_compile_order -fileset sim_1
exit
INFO: [Common 17-206] Exiting Vivado at Mon Feb  7 13:08:44 2022...
