#-----------------------------------------------------------
# Vivado v2018.3 (64-bit)
# SW Build 2405991 on Thu Dec  6 23:38:27 MST 2018
# IP Build 2404404 on Fri Dec  7 01:43:56 MST 2018
# Start of session at: Sat Nov 13 13:01:32 2021
# Process ID: 3724
# Current directory: D:/VivadoProject/flowing_water_lights
# Command line: vivado.exe -gui_launcher_event rodinguilauncherevent1532 D:\VivadoProject\flowing_water_lights\flowing_water_lights.xpr
# Log file: D:/VivadoProject/flowing_water_lights/vivado.log
# Journal file: D:/VivadoProject/flowing_water_lights\vivado.jou
#-----------------------------------------------------------
start_gui
open_project D:/VivadoProject/flowing_water_lights/flowing_water_lights.xpr
Scanning sources...
Finished scanning sources
INFO: [IP_Flow 19-234] Refreshing IP repositories
INFO: [IP_Flow 19-1704] No user IP repositories specified
INFO: [IP_Flow 19-2313] Loaded Vivado IP repository 'D:/Vivado/2018.3/data/ip'.
open_project: Time (s): cpu = 00:00:16 ; elapsed = 00:00:07 . Memory (MB): peak = 655.309 ; gain = 41.277
update_compile_order -fileset sources_1
exit
INFO: [Common 17-206] Exiting Vivado at Sat Nov 13 14:31:28 2021...
