Copyright 1986-2018 Xilinx, Inc. All Rights Reserved.
--------------------------------------------------------------------------------------------------------------------------------------------------------------------
| Tool Version : Vivado v.2018.3 (win64) Build 2405991 Thu Dec  6 23:38:27 MST 2018
| Date         : Mon Nov 22 12:08:54 2021
| Host         : LAPTOP-NMF7S97L running 64-bit major release  (build 9200)
| Command      : report_methodology -file memory_top_methodology_drc_routed.rpt -pb memory_top_methodology_drc_routed.pb -rpx memory_top_methodology_drc_routed.rpx
| Design       : memory_top
| Device       : xc7a100tfgg484-1
| Speed File   : -1
| Design State : Fully Routed
--------------------------------------------------------------------------------------------------------------------------------------------------------------------

Report Methodology

Table of Contents
-----------------
1. REPORT SUMMARY
2. REPORT DETAILS

1. REPORT SUMMARY
-----------------
            Netlist: netlist
          Floorplan: design_1
      Design limits: <entire design considered>
             Max violations: <unlimited>
             Violations found: 2
+--------+----------+--------------------------------------------------------+------------+
| Rule   | Severity | Description                                            | Violations |
+--------+----------+--------------------------------------------------------+------------+
| XDCC-1 | Warning  | Scoped Clock constraint overwritten with the same name | 1          |
| XDCC-7 | Warning  | Scoped Clock constraint overwritten on the same source | 1          |
+--------+----------+--------------------------------------------------------+------------+

2. REPORT DETAILS
-----------------
XDCC-1#1 Warning
Scoped Clock constraint overwritten with the same name  
A new clock constraint create_clock overrides a previous scoped clock constraint with the same name. It is not recommended to override a scoped (typically an IP) clock constraint and could result in unexpected behaviors.
New: create_clock -period 10.000 -name clk [get_ports clk] (Source: D:/VivadoProject/memory_w_r/memory_w_r.srcs/constrs_1/new/clock.xdc (Line: 1))
Previous: create_clock -period 10.000 [get_ports clk] (Source: d:/VivadoProject/memory_w_r/memory_w_r.srcs/sources_1/ip/clk_div_1/clk_div.xdc (Line: 56))
Related violations: <none>

XDCC-7#1 Warning
Scoped Clock constraint overwritten on the same source  
A new clock constraint create_clock overrides a previous scoped clock constraint defined on the same source. It is not recommended to override a scoped (typically an IP) clock constraint and could result in unexpected behaviors.
New: create_clock -period 10.000 -name clk [get_ports clk] (Source: D:/VivadoProject/memory_w_r/memory_w_r.srcs/constrs_1/new/clock.xdc (Line: 1))
Previous: create_clock -period 10.000 [get_ports clk] (Source: d:/VivadoProject/memory_w_r/memory_w_r.srcs/sources_1/ip/clk_div_1/clk_div.xdc (Line: 56))
Related violations: <none>


