#-----------------------------------------------------------
# Vivado v2018.3 (64-bit)
# SW Build 2405991 on Thu Dec  6 23:38:27 MST 2018
# IP Build 2404404 on Fri Dec  7 01:43:56 MST 2018
# Start of session at: Sun Nov 21 23:19:06 2021
# Process ID: 20988
# Current directory: D:/VivadoProject/holidays_lights
# Command line: vivado.exe -gui_launcher_event rodinguilauncherevent23228 D:\VivadoProject\holidays_lights\holidays_lights.xpr
# Log file: D:/VivadoProject/holidays_lights/vivado.log
# Journal file: D:/VivadoProject/holidays_lights\vivado.jou
#-----------------------------------------------------------
start_gui
open_project D:/VivadoProject/holidays_lights/holidays_lights.xpr
Scanning sources...
Finished scanning sources
INFO: [IP_Flow 19-234] Refreshing IP repositories
INFO: [IP_Flow 19-1704] No user IP repositories specified
INFO: [IP_Flow 19-2313] Loaded Vivado IP repository 'D:/Vivado/2018.3/data/ip'.
update_compile_order -fileset sources_1
exit
INFO: [Common 17-206] Exiting Vivado at Sun Nov 21 23:20:16 2021...
