#-----------------------------------------------------------
# Vivado v2018.3 (64-bit)
# SW Build 2405991 on Thu Dec  6 23:38:27 MST 2018
# IP Build 2404404 on Fri Dec  7 01:43:56 MST 2018
# Start of session at: Fri Nov 26 09:32:19 2021
# Process ID: 19768
# Current directory: D:/VivadoProject/project_1
# Command line: vivado.exe -gui_launcher_event rodinguilauncherevent11172 D:\VivadoProject\project_1\project_1.xpr
# Log file: D:/VivadoProject/project_1/vivado.log
# Journal file: D:/VivadoProject/project_1\vivado.jou
#-----------------------------------------------------------
start_gui
open_project D:/VivadoProject/project_1/project_1.xpr
CRITICAL WARNING: [Project 1-19] Could not find the file 'C:/Users/黄指斌/Desktop/实验2 计数器设计/flowing_water_lights/flowing_water_lights.v'.
Scanning sources...
Finished scanning sources
INFO: [IP_Flow 19-234] Refreshing IP repositories
INFO: [IP_Flow 19-1704] No user IP repositories specified
INFO: [IP_Flow 19-2313] Loaded Vivado IP repository 'D:/Vivado/2018.3/data/ip'.
open_project: Time (s): cpu = 00:00:16 ; elapsed = 00:00:06 . Memory (MB): peak = 679.965 ; gain = 65.109
update_compile_order -fileset sources_1
