#-----------------------------------------------------------
# Vivado v2018.3 (64-bit)
# SW Build 2405991 on Thu Dec  6 23:38:27 MST 2018
# IP Build 2404404 on Fri Dec  7 01:43:56 MST 2018
# Start of session at: Wed Jul  6 20:28:06 2022
# Process ID: 16124
# Current directory: D:/VivadoProject/calculator_hex
# Command line: vivado.exe -gui_launcher_event rodinguilauncherevent8896 D:\VivadoProject\calculator_hex\calculator_hex.xpr
# Log file: D:/VivadoProject/calculator_hex/vivado.log
# Journal file: D:/VivadoProject/calculator_hex\vivado.jou
#-----------------------------------------------------------
start_gui
open_project D:/VivadoProject/calculator_hex/calculator_hex.xpr
Scanning sources...
Finished scanning sources
INFO: [IP_Flow 19-234] Refreshing IP repositories
INFO: [IP_Flow 19-1704] No user IP repositories specified
INFO: [IP_Flow 19-2313] Loaded Vivado IP repository 'D:/Vivado/2018.3/data/ip'.
open_project: Time (s): cpu = 00:00:14 ; elapsed = 00:00:05 . Memory (MB): peak = 681.973 ; gain = 82.043
update_compile_order -fileset sources_1
exit
INFO: [Common 17-206] Exiting Vivado at Wed Jul  6 20:40:15 2022...
